<?xml version="1.0" encoding="UTF-8"?>
<testsuite xmlns:xsi="http://www.w3.org/2001/XMLSchema-instance" xsi:noNamespaceSchemaLocation="https://maven.apache.org/surefire/maven-surefire-plugin/xsd/surefire-test-report-3.0.xsd" version="3.0" name="com.wnj._2025_04_17.ApplicationTests" time="4.528" tests="1" errors="0" skipped="0" failures="0">
  <properties>
    <property name="java.specification.version" value="17"/>
    <property name="sun.cpu.isalist" value="amd64"/>
    <property name="sun.jnu.encoding" value="GBK"/>
    <property name="java.class.path" value="E:\JAVA\_2025_04_17\target\test-classes;E:\JAVA\_2025_04_17\target\classes;D:\SOFTWARE\MasterCAM\Maven\repository\org\springframework\boot\spring-boot-starter-web\3.3.10\spring-boot-starter-web-3.3.10.jar;D:\SOFTWARE\MasterCAM\Maven\repository\org\springframework\boot\spring-boot-starter\3.3.10\spring-boot-starter-3.3.10.jar;D:\SOFTWARE\MasterCAM\Maven\repository\org\springframework\boot\spring-boot-starter-logging\3.3.10\spring-boot-starter-logging-3.3.10.jar;D:\SOFTWARE\MasterCAM\Maven\repository\ch\qos\logback\logback-classic\1.5.18\logback-classic-1.5.18.jar;D:\SOFTWARE\MasterCAM\Maven\repository\ch\qos\logback\logback-core\1.5.18\logback-core-1.5.18.jar;D:\SOFTWARE\MasterCAM\Maven\repository\org\apache\logging\log4j\log4j-to-slf4j\2.23.1\log4j-to-slf4j-2.23.1.jar;D:\SOFTWARE\MasterCAM\Maven\repository\org\apache\logging\log4j\log4j-api\2.23.1\log4j-api-2.23.1.jar;D:\SOFTWARE\MasterCAM\Maven\repository\org\slf4j\jul-to-slf4j\2.0.17\jul-to-slf4j-2.0.17.jar;D:\SOFTWARE\MasterCAM\Maven\repository\jakarta\annotation\jakarta.annotation-api\2.1.1\jakarta.annotation-api-2.1.1.jar;D:\SOFTWARE\MasterCAM\Maven\repository\org\yaml\snakeyaml\2.2\snakeyaml-2.2.jar;D:\SOFTWARE\MasterCAM\Maven\repository\org\springframework\boot\spring-boot-starter-json\3.3.10\spring-boot-starter-json-3.3.10.jar;D:\SOFTWARE\MasterCAM\Maven\repository\com\fasterxml\jackson\core\jackson-databind\2.17.3\jackson-databind-2.17.3.jar;D:\SOFTWARE\MasterCAM\Maven\repository\com\fasterxml\jackson\core\jackson-annotations\2.17.3\jackson-annotations-2.17.3.jar;D:\SOFTWARE\MasterCAM\Maven\repository\com\fasterxml\jackson\core\jackson-core\2.17.3\jackson-core-2.17.3.jar;D:\SOFTWARE\MasterCAM\Maven\repository\com\fasterxml\jackson\datatype\jackson-datatype-jdk8\2.17.3\jackson-datatype-jdk8-2.17.3.jar;D:\SOFTWARE\MasterCAM\Maven\repository\com\fasterxml\jackson\datatype\jackson-datatype-jsr310\2.17.3\jackson-datatype-jsr310-2.17.3.jar;D:\SOFTWARE\MasterCAM\Maven\repository\com\fasterxml\jackson\module\jackson-module-parameter-names\2.17.3\jackson-module-parameter-names-2.17.3.jar;D:\SOFTWARE\MasterCAM\Maven\repository\org\springframework\boot\spring-boot-starter-tomcat\3.3.10\spring-boot-starter-tomcat-3.3.10.jar;D:\SOFTWARE\MasterCAM\Maven\repository\org\apache\tomcat\embed\tomcat-embed-core\10.1.39\tomcat-embed-core-10.1.39.jar;D:\SOFTWARE\MasterCAM\Maven\repository\org\apache\tomcat\embed\tomcat-embed-el\10.1.39\tomcat-embed-el-10.1.39.jar;D:\SOFTWARE\MasterCAM\Maven\repository\org\apache\tomcat\embed\tomcat-embed-websocket\10.1.39\tomcat-embed-websocket-10.1.39.jar;D:\SOFTWARE\MasterCAM\Maven\repository\org\springframework\spring-web\6.1.18\spring-web-6.1.18.jar;D:\SOFTWARE\MasterCAM\Maven\repository\org\springframework\spring-beans\6.1.18\spring-beans-6.1.18.jar;D:\SOFTWARE\MasterCAM\Maven\repository\org\springframework\spring-webmvc\6.1.18\spring-webmvc-6.1.18.jar;D:\SOFTWARE\MasterCAM\Maven\repository\org\springframework\spring-aop\6.1.18\spring-aop-6.1.18.jar;D:\SOFTWARE\MasterCAM\Maven\repository\org\springframework\spring-context\6.1.18\spring-context-6.1.18.jar;D:\SOFTWARE\MasterCAM\Maven\repository\org\springframework\spring-expression\6.1.18\spring-expression-6.1.18.jar;D:\SOFTWARE\MasterCAM\Maven\repository\org\mybatis\spring\boot\mybatis-spring-boot-starter\3.0.4\mybatis-spring-boot-starter-3.0.4.jar;D:\SOFTWARE\MasterCAM\Maven\repository\org\springframework\boot\spring-boot-starter-jdbc\3.3.10\spring-boot-starter-jdbc-3.3.10.jar;D:\SOFTWARE\MasterCAM\Maven\repository\com\zaxxer\HikariCP\5.1.0\HikariCP-5.1.0.jar;D:\SOFTWARE\MasterCAM\Maven\repository\org\springframework\spring-jdbc\6.1.18\spring-jdbc-6.1.18.jar;D:\SOFTWARE\MasterCAM\Maven\repository\org\mybatis\spring\boot\mybatis-spring-boot-autoconfigure\3.0.4\mybatis-spring-boot-autoconfigure-3.0.4.jar;D:\SOFTWARE\MasterCAM\Maven\repository\org\mybatis\mybatis\3.5.17\mybatis-3.5.17.jar;D:\SOFTWARE\MasterCAM\Maven\repository\org\mybatis\mybatis-spring\3.0.4\mybatis-spring-3.0.4.jar;D:\SOFTWARE\MasterCAM\Maven\repository\org\springframework\boot\spring-boot-devtools\3.3.10\spring-boot-devtools-3.3.10.jar;D:\SOFTWARE\MasterCAM\Maven\repository\org\springframework\boot\spring-boot\3.3.10\spring-boot-3.3.10.jar;D:\SOFTWARE\MasterCAM\Maven\repository\org\springframework\boot\spring-boot-autoconfigure\3.3.10\spring-boot-autoconfigure-3.3.10.jar;D:\SOFTWARE\MasterCAM\Maven\repository\com\mysql\mysql-connector-j\8.3.0\mysql-connector-j-8.3.0.jar;D:\SOFTWARE\MasterCAM\Maven\repository\org\projectlombok\lombok\1.18.36\lombok-1.18.36.jar;D:\SOFTWARE\MasterCAM\Maven\repository\org\springframework\boot\spring-boot-starter-test\3.3.10\spring-boot-starter-test-3.3.10.jar;D:\SOFTWARE\MasterCAM\Maven\repository\org\springframework\boot\spring-boot-test\3.3.10\spring-boot-test-3.3.10.jar;D:\SOFTWARE\MasterCAM\Maven\repository\org\springframework\boot\spring-boot-test-autoconfigure\3.3.10\spring-boot-test-autoconfigure-3.3.10.jar;D:\SOFTWARE\MasterCAM\Maven\repository\com\jayway\jsonpath\json-path\2.9.0\json-path-2.9.0.jar;D:\SOFTWARE\MasterCAM\Maven\repository\org\slf4j\slf4j-api\2.0.17\slf4j-api-2.0.17.jar;D:\SOFTWARE\MasterCAM\Maven\repository\jakarta\xml\bind\jakarta.xml.bind-api\4.0.2\jakarta.xml.bind-api-4.0.2.jar;D:\SOFTWARE\MasterCAM\Maven\repository\jakarta\activation\jakarta.activation-api\2.1.3\jakarta.activation-api-2.1.3.jar;D:\SOFTWARE\MasterCAM\Maven\repository\net\minidev\json-smart\2.5.2\json-smart-2.5.2.jar;D:\SOFTWARE\MasterCAM\Maven\repository\net\minidev\accessors-smart\2.5.2\accessors-smart-2.5.2.jar;D:\SOFTWARE\MasterCAM\Maven\repository\org\ow2\asm\asm\9.7.1\asm-9.7.1.jar;D:\SOFTWARE\MasterCAM\Maven\repository\org\assertj\assertj-core\3.25.3\assertj-core-3.25.3.jar;D:\SOFTWARE\MasterCAM\Maven\repository\net\bytebuddy\byte-buddy\1.14.19\byte-buddy-1.14.19.jar;D:\SOFTWARE\MasterCAM\Maven\repository\org\awaitility\awaitility\4.2.2\awaitility-4.2.2.jar;D:\SOFTWARE\MasterCAM\Maven\repository\org\hamcrest\hamcrest\2.2\hamcrest-2.2.jar;D:\SOFTWARE\MasterCAM\Maven\repository\org\junit\jupiter\junit-jupiter\5.10.5\junit-jupiter-5.10.5.jar;D:\SOFTWARE\MasterCAM\Maven\repository\org\junit\jupiter\junit-jupiter-api\5.10.5\junit-jupiter-api-5.10.5.jar;D:\SOFTWARE\MasterCAM\Maven\repository\org\opentest4j\opentest4j\1.3.0\opentest4j-1.3.0.jar;D:\SOFTWARE\MasterCAM\Maven\repository\org\junit\platform\junit-platform-commons\1.10.5\junit-platform-commons-1.10.5.jar;D:\SOFTWARE\MasterCAM\Maven\repository\org\apiguardian\apiguardian-api\1.1.2\apiguardian-api-1.1.2.jar;D:\SOFTWARE\MasterCAM\Maven\repository\org\junit\jupiter\junit-jupiter-params\5.10.5\junit-jupiter-params-5.10.5.jar;D:\SOFTWARE\MasterCAM\Maven\repository\org\junit\jupiter\junit-jupiter-engine\5.10.5\junit-jupiter-engine-5.10.5.jar;D:\SOFTWARE\MasterCAM\Maven\repository\org\junit\platform\junit-platform-engine\1.10.5\junit-platform-engine-1.10.5.jar;D:\SOFTWARE\MasterCAM\Maven\repository\org\mockito\mockito-core\5.11.0\mockito-core-5.11.0.jar;D:\SOFTWARE\MasterCAM\Maven\repository\net\bytebuddy\byte-buddy-agent\1.14.19\byte-buddy-agent-1.14.19.jar;D:\SOFTWARE\MasterCAM\Maven\repository\org\objenesis\objenesis\3.3\objenesis-3.3.jar;D:\SOFTWARE\MasterCAM\Maven\repository\org\mockito\mockito-junit-jupiter\5.11.0\mockito-junit-jupiter-5.11.0.jar;D:\SOFTWARE\MasterCAM\Maven\repository\org\skyscreamer\jsonassert\1.5.3\jsonassert-1.5.3.jar;D:\SOFTWARE\MasterCAM\Maven\repository\com\vaadin\external\google\android-json\0.0.20131108.vaadin1\android-json-0.0.20131108.vaadin1.jar;D:\SOFTWARE\MasterCAM\Maven\repository\org\springframework\spring-core\6.1.18\spring-core-6.1.18.jar;D:\SOFTWARE\MasterCAM\Maven\repository\org\springframework\spring-jcl\6.1.18\spring-jcl-6.1.18.jar;D:\SOFTWARE\MasterCAM\Maven\repository\org\springframework\spring-test\6.1.18\spring-test-6.1.18.jar;D:\SOFTWARE\MasterCAM\Maven\repository\org\xmlunit\xmlunit-core\2.9.1\xmlunit-core-2.9.1.jar;D:\SOFTWARE\MasterCAM\Maven\repository\org\mybatis\spring\boot\mybatis-spring-boot-starter-test\3.0.4\mybatis-spring-boot-starter-test-3.0.4.jar;D:\SOFTWARE\MasterCAM\Maven\repository\org\mybatis\spring\boot\mybatis-spring-boot-test-autoconfigure\3.0.4\mybatis-spring-boot-test-autoconfigure-3.0.4.jar;D:\SOFTWARE\MasterCAM\Maven\repository\org\springframework\spring-tx\6.1.18\spring-tx-6.1.18.jar;D:\SOFTWARE\MasterCAM\Maven\repository\org\springframework\boot\spring-boot-starter-actuator\3.3.10\spring-boot-starter-actuator-3.3.10.jar;D:\SOFTWARE\MasterCAM\Maven\repository\org\springframework\boot\spring-boot-actuator-autoconfigure\3.3.10\spring-boot-actuator-autoconfigure-3.3.10.jar;D:\SOFTWARE\MasterCAM\Maven\repository\org\springframework\boot\spring-boot-actuator\3.3.10\spring-boot-actuator-3.3.10.jar;D:\SOFTWARE\MasterCAM\Maven\repository\io\micrometer\micrometer-observation\1.13.12\micrometer-observation-1.13.12.jar;D:\SOFTWARE\MasterCAM\Maven\repository\io\micrometer\micrometer-commons\1.13.12\micrometer-commons-1.13.12.jar;D:\SOFTWARE\MasterCAM\Maven\repository\io\micrometer\micrometer-jakarta9\1.13.12\micrometer-jakarta9-1.13.12.jar;D:\SOFTWARE\MasterCAM\Maven\repository\io\micrometer\micrometer-core\1.13.12\micrometer-core-1.13.12.jar;D:\SOFTWARE\MasterCAM\Maven\repository\org\hdrhistogram\HdrHistogram\2.2.2\HdrHistogram-2.2.2.jar;D:\SOFTWARE\MasterCAM\Maven\repository\org\latencyutils\LatencyUtils\2.0.3\LatencyUtils-2.0.3.jar;"/>
    <property name="java.vm.vendor" value="Oracle Corporation"/>
    <property name="sun.arch.data.model" value="64"/>
    <property name="user.variant" value=""/>
    <property name="java.vendor.url" value="https://java.oracle.com/"/>
    <property name="user.timezone" value="Asia/Shanghai"/>
    <property name="os.name" value="Windows 10"/>
    <property name="java.vm.specification.version" value="17"/>
    <property name="sun.java.launcher" value="SUN_STANDARD"/>
    <property name="user.country" value="CN"/>
    <property name="sun.boot.library.path" value="D:\SOFTWARE\MasterCAM\JAVA\JAVA17\bin"/>
    <property name="sun.java.command" value="C:\Users\WNJ\AppData\Local\Temp\surefire9747436978564041169\surefirebooter-20250426192333514_3.jar C:\Users\WNJ\AppData\Local\Temp\surefire9747436978564041169 2025-04-26T19-23-30_026-jvmRun1 surefire-20250426192333514_1tmp surefire_0-20250426192333514_2tmp"/>
    <property name="jdk.debug" value="release"/>
    <property name="surefire.test.class.path" value="E:\JAVA\_2025_04_17\target\test-classes;E:\JAVA\_2025_04_17\target\classes;D:\SOFTWARE\MasterCAM\Maven\repository\org\springframework\boot\spring-boot-starter-web\3.3.10\spring-boot-starter-web-3.3.10.jar;D:\SOFTWARE\MasterCAM\Maven\repository\org\springframework\boot\spring-boot-starter\3.3.10\spring-boot-starter-3.3.10.jar;D:\SOFTWARE\MasterCAM\Maven\repository\org\springframework\boot\spring-boot-starter-logging\3.3.10\spring-boot-starter-logging-3.3.10.jar;D:\SOFTWARE\MasterCAM\Maven\repository\ch\qos\logback\logback-classic\1.5.18\logback-classic-1.5.18.jar;D:\SOFTWARE\MasterCAM\Maven\repository\ch\qos\logback\logback-core\1.5.18\logback-core-1.5.18.jar;D:\SOFTWARE\MasterCAM\Maven\repository\org\apache\logging\log4j\log4j-to-slf4j\2.23.1\log4j-to-slf4j-2.23.1.jar;D:\SOFTWARE\MasterCAM\Maven\repository\org\apache\logging\log4j\log4j-api\2.23.1\log4j-api-2.23.1.jar;D:\SOFTWARE\MasterCAM\Maven\repository\org\slf4j\jul-to-slf4j\2.0.17\jul-to-slf4j-2.0.17.jar;D:\SOFTWARE\MasterCAM\Maven\repository\jakarta\annotation\jakarta.annotation-api\2.1.1\jakarta.annotation-api-2.1.1.jar;D:\SOFTWARE\MasterCAM\Maven\repository\org\yaml\snakeyaml\2.2\snakeyaml-2.2.jar;D:\SOFTWARE\MasterCAM\Maven\repository\org\springframework\boot\spring-boot-starter-json\3.3.10\spring-boot-starter-json-3.3.10.jar;D:\SOFTWARE\MasterCAM\Maven\repository\com\fasterxml\jackson\core\jackson-databind\2.17.3\jackson-databind-2.17.3.jar;D:\SOFTWARE\MasterCAM\Maven\repository\com\fasterxml\jackson\core\jackson-annotations\2.17.3\jackson-annotations-2.17.3.jar;D:\SOFTWARE\MasterCAM\Maven\repository\com\fasterxml\jackson\core\jackson-core\2.17.3\jackson-core-2.17.3.jar;D:\SOFTWARE\MasterCAM\Maven\repository\com\fasterxml\jackson\datatype\jackson-datatype-jdk8\2.17.3\jackson-datatype-jdk8-2.17.3.jar;D:\SOFTWARE\MasterCAM\Maven\repository\com\fasterxml\jackson\datatype\jackson-datatype-jsr310\2.17.3\jackson-datatype-jsr310-2.17.3.jar;D:\SOFTWARE\MasterCAM\Maven\repository\com\fasterxml\jackson\module\jackson-module-parameter-names\2.17.3\jackson-module-parameter-names-2.17.3.jar;D:\SOFTWARE\MasterCAM\Maven\repository\org\springframework\boot\spring-boot-starter-tomcat\3.3.10\spring-boot-starter-tomcat-3.3.10.jar;D:\SOFTWARE\MasterCAM\Maven\repository\org\apache\tomcat\embed\tomcat-embed-core\10.1.39\tomcat-embed-core-10.1.39.jar;D:\SOFTWARE\MasterCAM\Maven\repository\org\apache\tomcat\embed\tomcat-embed-el\10.1.39\tomcat-embed-el-10.1.39.jar;D:\SOFTWARE\MasterCAM\Maven\repository\org\apache\tomcat\embed\tomcat-embed-websocket\10.1.39\tomcat-embed-websocket-10.1.39.jar;D:\SOFTWARE\MasterCAM\Maven\repository\org\springframework\spring-web\6.1.18\spring-web-6.1.18.jar;D:\SOFTWARE\MasterCAM\Maven\repository\org\springframework\spring-beans\6.1.18\spring-beans-6.1.18.jar;D:\SOFTWARE\MasterCAM\Maven\repository\org\springframework\spring-webmvc\6.1.18\spring-webmvc-6.1.18.jar;D:\SOFTWARE\MasterCAM\Maven\repository\org\springframework\spring-aop\6.1.18\spring-aop-6.1.18.jar;D:\SOFTWARE\MasterCAM\Maven\repository\org\springframework\spring-context\6.1.18\spring-context-6.1.18.jar;D:\SOFTWARE\MasterCAM\Maven\repository\org\springframework\spring-expression\6.1.18\spring-expression-6.1.18.jar;D:\SOFTWARE\MasterCAM\Maven\repository\org\mybatis\spring\boot\mybatis-spring-boot-starter\3.0.4\mybatis-spring-boot-starter-3.0.4.jar;D:\SOFTWARE\MasterCAM\Maven\repository\org\springframework\boot\spring-boot-starter-jdbc\3.3.10\spring-boot-starter-jdbc-3.3.10.jar;D:\SOFTWARE\MasterCAM\Maven\repository\com\zaxxer\HikariCP\5.1.0\HikariCP-5.1.0.jar;D:\SOFTWARE\MasterCAM\Maven\repository\org\springframework\spring-jdbc\6.1.18\spring-jdbc-6.1.18.jar;D:\SOFTWARE\MasterCAM\Maven\repository\org\mybatis\spring\boot\mybatis-spring-boot-autoconfigure\3.0.4\mybatis-spring-boot-autoconfigure-3.0.4.jar;D:\SOFTWARE\MasterCAM\Maven\repository\org\mybatis\mybatis\3.5.17\mybatis-3.5.17.jar;D:\SOFTWARE\MasterCAM\Maven\repository\org\mybatis\mybatis-spring\3.0.4\mybatis-spring-3.0.4.jar;D:\SOFTWARE\MasterCAM\Maven\repository\org\springframework\boot\spring-boot-devtools\3.3.10\spring-boot-devtools-3.3.10.jar;D:\SOFTWARE\MasterCAM\Maven\repository\org\springframework\boot\spring-boot\3.3.10\spring-boot-3.3.10.jar;D:\SOFTWARE\MasterCAM\Maven\repository\org\springframework\boot\spring-boot-autoconfigure\3.3.10\spring-boot-autoconfigure-3.3.10.jar;D:\SOFTWARE\MasterCAM\Maven\repository\com\mysql\mysql-connector-j\8.3.0\mysql-connector-j-8.3.0.jar;D:\SOFTWARE\MasterCAM\Maven\repository\org\projectlombok\lombok\1.18.36\lombok-1.18.36.jar;D:\SOFTWARE\MasterCAM\Maven\repository\org\springframework\boot\spring-boot-starter-test\3.3.10\spring-boot-starter-test-3.3.10.jar;D:\SOFTWARE\MasterCAM\Maven\repository\org\springframework\boot\spring-boot-test\3.3.10\spring-boot-test-3.3.10.jar;D:\SOFTWARE\MasterCAM\Maven\repository\org\springframework\boot\spring-boot-test-autoconfigure\3.3.10\spring-boot-test-autoconfigure-3.3.10.jar;D:\SOFTWARE\MasterCAM\Maven\repository\com\jayway\jsonpath\json-path\2.9.0\json-path-2.9.0.jar;D:\SOFTWARE\MasterCAM\Maven\repository\org\slf4j\slf4j-api\2.0.17\slf4j-api-2.0.17.jar;D:\SOFTWARE\MasterCAM\Maven\repository\jakarta\xml\bind\jakarta.xml.bind-api\4.0.2\jakarta.xml.bind-api-4.0.2.jar;D:\SOFTWARE\MasterCAM\Maven\repository\jakarta\activation\jakarta.activation-api\2.1.3\jakarta.activation-api-2.1.3.jar;D:\SOFTWARE\MasterCAM\Maven\repository\net\minidev\json-smart\2.5.2\json-smart-2.5.2.jar;D:\SOFTWARE\MasterCAM\Maven\repository\net\minidev\accessors-smart\2.5.2\accessors-smart-2.5.2.jar;D:\SOFTWARE\MasterCAM\Maven\repository\org\ow2\asm\asm\9.7.1\asm-9.7.1.jar;D:\SOFTWARE\MasterCAM\Maven\repository\org\assertj\assertj-core\3.25.3\assertj-core-3.25.3.jar;D:\SOFTWARE\MasterCAM\Maven\repository\net\bytebuddy\byte-buddy\1.14.19\byte-buddy-1.14.19.jar;D:\SOFTWARE\MasterCAM\Maven\repository\org\awaitility\awaitility\4.2.2\awaitility-4.2.2.jar;D:\SOFTWARE\MasterCAM\Maven\repository\org\hamcrest\hamcrest\2.2\hamcrest-2.2.jar;D:\SOFTWARE\MasterCAM\Maven\repository\org\junit\jupiter\junit-jupiter\5.10.5\junit-jupiter-5.10.5.jar;D:\SOFTWARE\MasterCAM\Maven\repository\org\junit\jupiter\junit-jupiter-api\5.10.5\junit-jupiter-api-5.10.5.jar;D:\SOFTWARE\MasterCAM\Maven\repository\org\opentest4j\opentest4j\1.3.0\opentest4j-1.3.0.jar;D:\SOFTWARE\MasterCAM\Maven\repository\org\junit\platform\junit-platform-commons\1.10.5\junit-platform-commons-1.10.5.jar;D:\SOFTWARE\MasterCAM\Maven\repository\org\apiguardian\apiguardian-api\1.1.2\apiguardian-api-1.1.2.jar;D:\SOFTWARE\MasterCAM\Maven\repository\org\junit\jupiter\junit-jupiter-params\5.10.5\junit-jupiter-params-5.10.5.jar;D:\SOFTWARE\MasterCAM\Maven\repository\org\junit\jupiter\junit-jupiter-engine\5.10.5\junit-jupiter-engine-5.10.5.jar;D:\SOFTWARE\MasterCAM\Maven\repository\org\junit\platform\junit-platform-engine\1.10.5\junit-platform-engine-1.10.5.jar;D:\SOFTWARE\MasterCAM\Maven\repository\org\mockito\mockito-core\5.11.0\mockito-core-5.11.0.jar;D:\SOFTWARE\MasterCAM\Maven\repository\net\bytebuddy\byte-buddy-agent\1.14.19\byte-buddy-agent-1.14.19.jar;D:\SOFTWARE\MasterCAM\Maven\repository\org\objenesis\objenesis\3.3\objenesis-3.3.jar;D:\SOFTWARE\MasterCAM\Maven\repository\org\mockito\mockito-junit-jupiter\5.11.0\mockito-junit-jupiter-5.11.0.jar;D:\SOFTWARE\MasterCAM\Maven\repository\org\skyscreamer\jsonassert\1.5.3\jsonassert-1.5.3.jar;D:\SOFTWARE\MasterCAM\Maven\repository\com\vaadin\external\google\android-json\0.0.20131108.vaadin1\android-json-0.0.20131108.vaadin1.jar;D:\SOFTWARE\MasterCAM\Maven\repository\org\springframework\spring-core\6.1.18\spring-core-6.1.18.jar;D:\SOFTWARE\MasterCAM\Maven\repository\org\springframework\spring-jcl\6.1.18\spring-jcl-6.1.18.jar;D:\SOFTWARE\MasterCAM\Maven\repository\org\springframework\spring-test\6.1.18\spring-test-6.1.18.jar;D:\SOFTWARE\MasterCAM\Maven\repository\org\xmlunit\xmlunit-core\2.9.1\xmlunit-core-2.9.1.jar;D:\SOFTWARE\MasterCAM\Maven\repository\org\mybatis\spring\boot\mybatis-spring-boot-starter-test\3.0.4\mybatis-spring-boot-starter-test-3.0.4.jar;D:\SOFTWARE\MasterCAM\Maven\repository\org\mybatis\spring\boot\mybatis-spring-boot-test-autoconfigure\3.0.4\mybatis-spring-boot-test-autoconfigure-3.0.4.jar;D:\SOFTWARE\MasterCAM\Maven\repository\org\springframework\spring-tx\6.1.18\spring-tx-6.1.18.jar;D:\SOFTWARE\MasterCAM\Maven\repository\org\springframework\boot\spring-boot-starter-actuator\3.3.10\spring-boot-starter-actuator-3.3.10.jar;D:\SOFTWARE\MasterCAM\Maven\repository\org\springframework\boot\spring-boot-actuator-autoconfigure\3.3.10\spring-boot-actuator-autoconfigure-3.3.10.jar;D:\SOFTWARE\MasterCAM\Maven\repository\org\springframework\boot\spring-boot-actuator\3.3.10\spring-boot-actuator-3.3.10.jar;D:\SOFTWARE\MasterCAM\Maven\repository\io\micrometer\micrometer-observation\1.13.12\micrometer-observation-1.13.12.jar;D:\SOFTWARE\MasterCAM\Maven\repository\io\micrometer\micrometer-commons\1.13.12\micrometer-commons-1.13.12.jar;D:\SOFTWARE\MasterCAM\Maven\repository\io\micrometer\micrometer-jakarta9\1.13.12\micrometer-jakarta9-1.13.12.jar;D:\SOFTWARE\MasterCAM\Maven\repository\io\micrometer\micrometer-core\1.13.12\micrometer-core-1.13.12.jar;D:\SOFTWARE\MasterCAM\Maven\repository\org\hdrhistogram\HdrHistogram\2.2.2\HdrHistogram-2.2.2.jar;D:\SOFTWARE\MasterCAM\Maven\repository\org\latencyutils\LatencyUtils\2.0.3\LatencyUtils-2.0.3.jar;"/>
    <property name="sun.cpu.endian" value="little"/>
    <property name="user.home" value="C:\Users\WNJ"/>
    <property name="user.language" value="zh"/>
    <property name="java.specification.vendor" value="Oracle Corporation"/>
    <property name="java.version.date" value="2023-07-18"/>
    <property name="java.home" value="D:\SOFTWARE\MasterCAM\JAVA\JAVA17"/>
    <property name="file.separator" value="\"/>
    <property name="basedir" value="E:\JAVA\_2025_04_17"/>
    <property name="java.vm.compressedOopsMode" value="Zero based"/>
    <property name="line.separator" value="&#10;"/>
    <property name="java.vm.specification.vendor" value="Oracle Corporation"/>
    <property name="java.specification.name" value="Java Platform API Specification"/>
    <property name="FILE_LOG_CHARSET" value="GBK"/>
    <property name="java.awt.headless" value="true"/>
    <property name="surefire.real.class.path" value="C:\Users\WNJ\AppData\Local\Temp\surefire9747436978564041169\surefirebooter-20250426192333514_3.jar"/>
    <property name="user.script" value=""/>
    <property name="sun.management.compiler" value="HotSpot 64-Bit Tiered Compilers"/>
    <property name="java.runtime.version" value="17.0.8+9-LTS-211"/>
    <property name="user.name" value="WNJ"/>
    <property name="path.separator" value=";"/>
    <property name="os.version" value="10.0"/>
    <property name="java.runtime.name" value="Java(TM) SE Runtime Environment"/>
    <property name="file.encoding" value="GBK"/>
    <property name="java.vm.name" value="Java HotSpot(TM) 64-Bit Server VM"/>
    <property name="localRepository" value="D:\SOFTWARE\MasterCAM\Maven\repository"/>
    <property name="java.vendor.url.bug" value="https://bugreport.java.com/bugreport/"/>
    <property name="java.io.tmpdir" value="C:\Users\WNJ\AppData\Local\Temp\"/>
    <property name="idea.version" value="2023.2.8"/>
    <property name="java.version" value="17.0.8"/>
    <property name="user.dir" value="E:\JAVA\_2025_04_17"/>
    <property name="os.arch" value="amd64"/>
    <property name="java.vm.specification.name" value="Java Virtual Machine Specification"/>
    <property name="PID" value="4056"/>
    <property name="sun.os.patch.level" value=""/>
    <property name="CONSOLE_LOG_CHARSET" value="GBK"/>
    <property name="native.encoding" value="GBK"/>
    <property name="java.library.path" value="D:\SOFTWARE\MasterCAM\JAVA\JAVA17\bin;C:\Windows\Sun\Java\bin;C:\Windows\system32;C:\Windows;D:\SOFTWARE\VMware Workstation\bin\;C:\Program Files\Common Files\Oracle\Java\javapath;C:\Windows\system32;C:\Windows;C:\Windows\System32\Wbem;C:\Windows\System32\WindowsPowerShell\v1.0\;C:\Windows\System32\OpenSSH\;D:\SOFTWARE\MasterCAM\Git\cmd;D:\SOFTWARE\MasterCAM\PuTTY\;D:\SOFTWARE\MasterCAM\MySQL\MySQL Server 8.0\bin;D:\SOFTWARE\MasterCAM\JAVA\JAVA8\JDK\bin;D:\SOFTWARE\MasterCAM\NVM;D:\SOFTWARE\MasterCAM\NVM_Environment\nodejs;D:\SOFTWARE\MasterCAM\nodejs\;D:\SOFTWARE\MasterCAM\Python;C:\Program Files (x86)\Microsoft SQL Server\160\Tools\Binn\;C:\Program Files\Microsoft SQL Server\160\Tools\Binn\;C:\Program Files\Microsoft SQL Server\Client SDK\ODBC\170\Tools\Binn\;C:\Program Files\Microsoft SQL Server\160\DTS\Binn\;C:\Program Files (x86)\Microsoft SQL Server\160\DTS\Binn\;C:\Program Files\dotnet\;D:\SOFTWARE\MasterCAM\Python\Scripts;D:\SOFTWARE\MasterCAM\Rational\common;D:\SOFTWARE\MasterCAM\微信web开发者工具\dll;C:\Users\WNJ\AppData\Local\Microsoft\WindowsApps;D:\SOFTWARE\MasterCAM\JAVA\IntelliJ IDEA 2023.2.8\bin;;D:\SOFTWARE\MasterCAM\Microsoft VS Code\bin;D:\SOFTWARE\MasterCAM\PyCharm 2024.2.3\bin;;C:\Users\WNJ\AppData\Roaming\npm;;D:\SOFTWARE\MasterCAM\JAVA\IntelliJ IDEA Community Edition 2022.2.5\bin;;C:\Users\WNJ\AppData\Local\Programs\Ollama;."/>
    <property name="java.vm.info" value="mixed mode, sharing"/>
    <property name="java.vendor" value="Oracle Corporation"/>
    <property name="java.vm.version" value="17.0.8+9-LTS-211"/>
    <property name="sun.io.unicode.encoding" value="UnicodeLittle"/>
    <property name="maven.repo.local" value="D:\SOFTWARE\MasterCAM\Maven\repository"/>
    <property name="java.class.version" value="61.0"/>
    <property name="LOGGED_APPLICATION_NAME" value="[_2025_04_17] "/>
  </properties>
  <testcase name="contextLoads" classname="com.wnj._2025_04_17.ApplicationTests" time="0.949">
    <system-out><![CDATA[19:23:34.341 [main] INFO org.springframework.test.context.support.AnnotationConfigContextLoaderUtils -- Could not detect default configuration classes for test class [com.wnj._2025_04_17.ApplicationTests]: ApplicationTests does not declare any static, non-private, non-final, nested classes annotated with @Configuration.
19:23:34.419 [main] INFO org.springframework.boot.test.context.SpringBootTestContextBootstrapper -- Found @SpringBootConfiguration com.wnj._2025_04_17.Application for test class com.wnj._2025_04_17.ApplicationTests
19:23:34.634 [main] INFO org.springframework.boot.devtools.restart.RestartApplicationListener -- Restart disabled due to context in which it is running

  .   ____          _            __ _ _
 /\\ / ___'_ __ _ _(_)_ __  __ _ \ \ \ \
( ( )\___ | '_ | '_| | '_ \/ _` | \ \ \ \
 \\/  ___)| |_)| | | | | || (_| |  ) ) ) )
  '  |____| .__|_| |_|_| |_\__, | / / / /
 =========|_|==============|___/=/_/_/_/

 :: Spring Boot ::               (v3.3.10)

2025-04-26T19:23:34.953+08:00  INFO 4056 --- [_2025_04_17] [           main] com.wnj._2025_04_17.ApplicationTests     : Starting ApplicationTests using Java 17.0.8 with PID 4056 (started by WNJ in E:\JAVA\_2025_04_17)
2025-04-26T19:23:34.954+08:00  INFO 4056 --- [_2025_04_17] [           main] com.wnj._2025_04_17.ApplicationTests     : No active profile set, falling back to 1 default profile: "default"
2025-04-26T19:23:37.576+08:00  INFO 4056 --- [_2025_04_17] [           main] o.s.b.a.e.web.EndpointLinksResolver      : Exposing 1 endpoint beneath base path '/actuator'
2025-04-26T19:23:37.671+08:00  INFO 4056 --- [_2025_04_17] [           main] com.wnj._2025_04_17.ApplicationTests     : Started ApplicationTests in 3.049 seconds (process running for 4.052)
]]></system-out>
  </testcase>
</testsuite>